CRITICAL - 2022-11-30 08:11:56 --> Cannot use App\Models\programado as programado because the name is already in use
in APPPATH\Controllers\Programados.php on line 7.
 1 [internal function]: CodeIgniter\Debug\Exceptions->shutdownHandler()
CRITICAL - 2022-11-30 08:12:15 --> Cannot use App\Models\programado as programado because the name is already in use
in APPPATH\Controllers\Programados.php on line 6.
 1 [internal function]: CodeIgniter\Debug\Exceptions->shutdownHandler()
ERROR - 2022-11-30 08:12:31 --> mysqli_sql_exception: Unknown column 'c.nomcuenta' in 'order clause' in D:\xampp\htdocs\finanzas\system\Database\MySQLi\Connection.php:292
Stack trace:
#0 D:\xampp\htdocs\finanzas\system\Database\MySQLi\Connection.php(292): mysqli->query('select r.nombre...', 0)
#1 D:\xampp\htdocs\finanzas\system\Database\BaseConnection.php(666): CodeIgniter\Database\MySQLi\Connection->execute('select r.nombre...')
#2 D:\xampp\htdocs\finanzas\system\Database\BaseConnection.php(593): CodeIgniter\Database\BaseConnection->simpleQuery('select r.nombre...')
#3 D:\xampp\htdocs\finanzas\system\Model.php(768): CodeIgniter\Database\BaseConnection->query('select r.nombre...')
#4 D:\xampp\htdocs\finanzas\app\Controllers\Programados.php(16): CodeIgniter\Model->__call('query', Array)
#5 D:\xampp\htdocs\finanzas\system\CodeIgniter.php(927): App\Controllers\Programados->index()
#6 D:\xampp\htdocs\finanzas\system\CodeIgniter.php(482): CodeIgniter\CodeIgniter->runController(Object(App\Controllers\Programados))
#7 D:\xampp\htdocs\finanzas\system\CodeIgniter.php(351): CodeIgniter\CodeIgniter->handleRequest(NULL, Object(Config\Cache), false)
#8 D:\xampp\htdocs\finanzas\public\index.php(67): CodeIgniter\CodeIgniter->run()
#9 {main}
ERROR - 2022-11-30 08:14:34 --> mysqli_sql_exception: Unknown column 'c.nomcuenta' in 'order clause' in D:\xampp\htdocs\finanzas\system\Database\MySQLi\Connection.php:292
Stack trace:
#0 D:\xampp\htdocs\finanzas\system\Database\MySQLi\Connection.php(292): mysqli->query('select r.nombre...', 0)
#1 D:\xampp\htdocs\finanzas\system\Database\BaseConnection.php(666): CodeIgniter\Database\MySQLi\Connection->execute('select r.nombre...')
#2 D:\xampp\htdocs\finanzas\system\Database\BaseConnection.php(593): CodeIgniter\Database\BaseConnection->simpleQuery('select r.nombre...')
#3 D:\xampp\htdocs\finanzas\system\Model.php(768): CodeIgniter\Database\BaseConnection->query('select r.nombre...')
#4 D:\xampp\htdocs\finanzas\app\Controllers\Programados.php(16): CodeIgniter\Model->__call('query', Array)
#5 D:\xampp\htdocs\finanzas\system\CodeIgniter.php(927): App\Controllers\Programados->index()
#6 D:\xampp\htdocs\finanzas\system\CodeIgniter.php(482): CodeIgniter\CodeIgniter->runController(Object(App\Controllers\Programados))
#7 D:\xampp\htdocs\finanzas\system\CodeIgniter.php(351): CodeIgniter\CodeIgniter->handleRequest(NULL, Object(Config\Cache), false)
#8 D:\xampp\htdocs\finanzas\public\index.php(67): CodeIgniter\CodeIgniter->run()
#9 {main}
CRITICAL - 2022-11-30 08:14:34 --> Undefined variable $cuentas
in APPPATH\Views\programados\listaprog.php on line 19.
 1 APPPATH\Views\programados\listaprog.php(19): CodeIgniter\Debug\Exceptions->errorHandler(2, 'Undefined variable $cuentas', 'APPPATH\\Views\\programados\\listaprog.php', 19)
 2 SYSTEMPATH\View\View.php(213): include('APPPATH\\Views\\programados\\listaprog.php')
 3 SYSTEMPATH\View\View.php(216): CodeIgniter\View\View->CodeIgniter\View\{closure}()
 4 SYSTEMPATH\Common.php(1134): CodeIgniter\View\View->render('programados/listaprog', [], true)
 5 APPPATH\Controllers\Programados.php(23): view('programados/listaprog', [...])
 6 SYSTEMPATH\CodeIgniter.php(927): App\Controllers\Programados->index()
 7 SYSTEMPATH\CodeIgniter.php(482): CodeIgniter\CodeIgniter->runController(Object(App\Controllers\Programados))
 8 SYSTEMPATH\CodeIgniter.php(351): CodeIgniter\CodeIgniter->handleRequest(null, Object(Config\Cache), false)
 9 FCPATH\index.php(67): CodeIgniter\CodeIgniter->run()
ERROR - 2022-11-30 08:17:01 --> mysqli_sql_exception: Unknown column 'c.nomcuenta' in 'order clause' in D:\xampp\htdocs\finanzas\system\Database\MySQLi\Connection.php:292
Stack trace:
#0 D:\xampp\htdocs\finanzas\system\Database\MySQLi\Connection.php(292): mysqli->query('select r.nombre...', 0)
#1 D:\xampp\htdocs\finanzas\system\Database\BaseConnection.php(666): CodeIgniter\Database\MySQLi\Connection->execute('select r.nombre...')
#2 D:\xampp\htdocs\finanzas\system\Database\BaseConnection.php(593): CodeIgniter\Database\BaseConnection->simpleQuery('select r.nombre...')
#3 D:\xampp\htdocs\finanzas\system\Model.php(768): CodeIgniter\Database\BaseConnection->query('select r.nombre...')
#4 D:\xampp\htdocs\finanzas\app\Controllers\Programados.php(16): CodeIgniter\Model->__call('query', Array)
#5 D:\xampp\htdocs\finanzas\system\CodeIgniter.php(927): App\Controllers\Programados->index()
#6 D:\xampp\htdocs\finanzas\system\CodeIgniter.php(482): CodeIgniter\CodeIgniter->runController(Object(App\Controllers\Programados))
#7 D:\xampp\htdocs\finanzas\system\CodeIgniter.php(351): CodeIgniter\CodeIgniter->handleRequest(NULL, Object(Config\Cache), false)
#8 D:\xampp\htdocs\finanzas\public\index.php(67): CodeIgniter\CodeIgniter->run()
#9 {main}
CRITICAL - 2022-11-30 08:17:01 --> foreach() argument must be of type array|object, bool given
in APPPATH\Views\programados\listaprog.php on line 19.
 1 APPPATH\Views\programados\listaprog.php(19): CodeIgniter\Debug\Exceptions->errorHandler(2, 'foreach() argument must be of type array|object, bool given', 'APPPATH\\Views\\programados\\listaprog.php', 19)
 2 SYSTEMPATH\View\View.php(213): include('APPPATH\\Views\\programados\\listaprog.php')
 3 SYSTEMPATH\View\View.php(216): CodeIgniter\View\View->CodeIgniter\View\{closure}()
 4 SYSTEMPATH\Common.php(1134): CodeIgniter\View\View->render('programados/listaprog', [], true)
 5 APPPATH\Controllers\Programados.php(23): view('programados/listaprog', [...])
 6 SYSTEMPATH\CodeIgniter.php(927): App\Controllers\Programados->index()
 7 SYSTEMPATH\CodeIgniter.php(482): CodeIgniter\CodeIgniter->runController(Object(App\Controllers\Programados))
 8 SYSTEMPATH\CodeIgniter.php(351): CodeIgniter\CodeIgniter->handleRequest(null, Object(Config\Cache), false)
 9 FCPATH\index.php(67): CodeIgniter\CodeIgniter->run()
ERROR - 2022-11-30 08:17:03 --> mysqli_sql_exception: Unknown column 'c.nomcuenta' in 'order clause' in D:\xampp\htdocs\finanzas\system\Database\MySQLi\Connection.php:292
Stack trace:
#0 D:\xampp\htdocs\finanzas\system\Database\MySQLi\Connection.php(292): mysqli->query('select r.nombre...', 0)
#1 D:\xampp\htdocs\finanzas\system\Database\BaseConnection.php(666): CodeIgniter\Database\MySQLi\Connection->execute('select r.nombre...')
#2 D:\xampp\htdocs\finanzas\system\Database\BaseConnection.php(593): CodeIgniter\Database\BaseConnection->simpleQuery('select r.nombre...')
#3 D:\xampp\htdocs\finanzas\system\Model.php(768): CodeIgniter\Database\BaseConnection->query('select r.nombre...')
#4 D:\xampp\htdocs\finanzas\app\Controllers\Programados.php(16): CodeIgniter\Model->__call('query', Array)
#5 D:\xampp\htdocs\finanzas\system\CodeIgniter.php(927): App\Controllers\Programados->index()
#6 D:\xampp\htdocs\finanzas\system\CodeIgniter.php(482): CodeIgniter\CodeIgniter->runController(Object(App\Controllers\Programados))
#7 D:\xampp\htdocs\finanzas\system\CodeIgniter.php(351): CodeIgniter\CodeIgniter->handleRequest(NULL, Object(Config\Cache), false)
#8 D:\xampp\htdocs\finanzas\public\index.php(67): CodeIgniter\CodeIgniter->run()
#9 {main}
CRITICAL - 2022-11-30 08:17:03 --> foreach() argument must be of type array|object, bool given
in APPPATH\Views\programados\listaprog.php on line 19.
 1 APPPATH\Views\programados\listaprog.php(19): CodeIgniter\Debug\Exceptions->errorHandler(2, 'foreach() argument must be of type array|object, bool given', 'APPPATH\\Views\\programados\\listaprog.php', 19)
 2 SYSTEMPATH\View\View.php(213): include('APPPATH\\Views\\programados\\listaprog.php')
 3 SYSTEMPATH\View\View.php(216): CodeIgniter\View\View->CodeIgniter\View\{closure}()
 4 SYSTEMPATH\Common.php(1134): CodeIgniter\View\View->render('programados/listaprog', [], true)
 5 APPPATH\Controllers\Programados.php(23): view('programados/listaprog', [...])
 6 SYSTEMPATH\CodeIgniter.php(927): App\Controllers\Programados->index()
 7 SYSTEMPATH\CodeIgniter.php(482): CodeIgniter\CodeIgniter->runController(Object(App\Controllers\Programados))
 8 SYSTEMPATH\CodeIgniter.php(351): CodeIgniter\CodeIgniter->handleRequest(null, Object(Config\Cache), false)
 9 FCPATH\index.php(67): CodeIgniter\CodeIgniter->run()
ERROR - 2022-11-30 08:18:59 --> mysqli_sql_exception: Unknown column 'c.nomcuenta' in 'order clause' in D:\xampp\htdocs\finanzas\system\Database\MySQLi\Connection.php:292
Stack trace:
#0 D:\xampp\htdocs\finanzas\system\Database\MySQLi\Connection.php(292): mysqli->query('select r.nombre...', 0)
#1 D:\xampp\htdocs\finanzas\system\Database\BaseConnection.php(666): CodeIgniter\Database\MySQLi\Connection->execute('select r.nombre...')
#2 D:\xampp\htdocs\finanzas\system\Database\BaseConnection.php(593): CodeIgniter\Database\BaseConnection->simpleQuery('select r.nombre...')
#3 D:\xampp\htdocs\finanzas\system\Model.php(768): CodeIgniter\Database\BaseConnection->query('select r.nombre...')
#4 D:\xampp\htdocs\finanzas\app\Controllers\Programados.php(16): CodeIgniter\Model->__call('query', Array)
#5 D:\xampp\htdocs\finanzas\system\CodeIgniter.php(927): App\Controllers\Programados->index()
#6 D:\xampp\htdocs\finanzas\system\CodeIgniter.php(482): CodeIgniter\CodeIgniter->runController(Object(App\Controllers\Programados))
#7 D:\xampp\htdocs\finanzas\system\CodeIgniter.php(351): CodeIgniter\CodeIgniter->handleRequest(NULL, Object(Config\Cache), false)
#8 D:\xampp\htdocs\finanzas\public\index.php(67): CodeIgniter\CodeIgniter->run()
#9 {main}
CRITICAL - 2022-11-30 08:18:59 --> Call to a member function getResult() on bool
in APPPATH\Views\programados\listaprog.php on line 19.
 1 SYSTEMPATH\View\View.php(213): include()
 2 SYSTEMPATH\View\View.php(216): CodeIgniter\View\View->CodeIgniter\View\{closure}()
 3 SYSTEMPATH\Common.php(1134): CodeIgniter\View\View->render('programados/listaprog', [], true)
 4 APPPATH\Controllers\Programados.php(23): view('programados/listaprog', [...])
 5 SYSTEMPATH\CodeIgniter.php(927): App\Controllers\Programados->index()
 6 SYSTEMPATH\CodeIgniter.php(482): CodeIgniter\CodeIgniter->runController(Object(App\Controllers\Programados))
 7 SYSTEMPATH\CodeIgniter.php(351): CodeIgniter\CodeIgniter->handleRequest(null, Object(Config\Cache), false)
 8 FCPATH\index.php(67): CodeIgniter\CodeIgniter->run()
ERROR - 2022-11-30 08:19:50 --> mysqli_sql_exception: Unknown column 'c.nomcuenta' in 'order clause' in D:\xampp\htdocs\finanzas\system\Database\MySQLi\Connection.php:292
Stack trace:
#0 D:\xampp\htdocs\finanzas\system\Database\MySQLi\Connection.php(292): mysqli->query('select r.nombre...', 0)
#1 D:\xampp\htdocs\finanzas\system\Database\BaseConnection.php(666): CodeIgniter\Database\MySQLi\Connection->execute('select r.nombre...')
#2 D:\xampp\htdocs\finanzas\system\Database\BaseConnection.php(593): CodeIgniter\Database\BaseConnection->simpleQuery('select r.nombre...')
#3 D:\xampp\htdocs\finanzas\system\Model.php(768): CodeIgniter\Database\BaseConnection->query('select r.nombre...')
#4 D:\xampp\htdocs\finanzas\app\Controllers\Programados.php(16): CodeIgniter\Model->__call('query', Array)
#5 D:\xampp\htdocs\finanzas\system\CodeIgniter.php(927): App\Controllers\Programados->index()
#6 D:\xampp\htdocs\finanzas\system\CodeIgniter.php(482): CodeIgniter\CodeIgniter->runController(Object(App\Controllers\Programados))
#7 D:\xampp\htdocs\finanzas\system\CodeIgniter.php(351): CodeIgniter\CodeIgniter->handleRequest(NULL, Object(Config\Cache), false)
#8 D:\xampp\htdocs\finanzas\public\index.php(67): CodeIgniter\CodeIgniter->run()
#9 {main}
CRITICAL - 2022-11-30 08:19:50 --> Call to a member function getResult() on bool
in APPPATH\Views\programados\listaprog.php on line 19.
 1 SYSTEMPATH\View\View.php(213): include()
 2 SYSTEMPATH\View\View.php(216): CodeIgniter\View\View->CodeIgniter\View\{closure}()
 3 SYSTEMPATH\Common.php(1134): CodeIgniter\View\View->render('programados/listaprog', [], true)
 4 APPPATH\Controllers\Programados.php(23): view('programados/listaprog', [...])
 5 SYSTEMPATH\CodeIgniter.php(927): App\Controllers\Programados->index()
 6 SYSTEMPATH\CodeIgniter.php(482): CodeIgniter\CodeIgniter->runController(Object(App\Controllers\Programados))
 7 SYSTEMPATH\CodeIgniter.php(351): CodeIgniter\CodeIgniter->handleRequest(null, Object(Config\Cache), false)
 8 FCPATH\index.php(67): CodeIgniter\CodeIgniter->run()
ERROR - 2022-11-30 08:21:04 --> mysqli_sql_exception: Unknown column 'c.nomcuenta' in 'order clause' in D:\xampp\htdocs\finanzas\system\Database\MySQLi\Connection.php:292
Stack trace:
#0 D:\xampp\htdocs\finanzas\system\Database\MySQLi\Connection.php(292): mysqli->query('select r.nombre...', 0)
#1 D:\xampp\htdocs\finanzas\system\Database\BaseConnection.php(666): CodeIgniter\Database\MySQLi\Connection->execute('select r.nombre...')
#2 D:\xampp\htdocs\finanzas\system\Database\BaseConnection.php(593): CodeIgniter\Database\BaseConnection->simpleQuery('select r.nombre...')
#3 D:\xampp\htdocs\finanzas\system\Model.php(768): CodeIgniter\Database\BaseConnection->query('select r.nombre...')
#4 D:\xampp\htdocs\finanzas\app\Controllers\Programados.php(16): CodeIgniter\Model->__call('query', Array)
#5 D:\xampp\htdocs\finanzas\system\CodeIgniter.php(927): App\Controllers\Programados->index()
#6 D:\xampp\htdocs\finanzas\system\CodeIgniter.php(482): CodeIgniter\CodeIgniter->runController(Object(App\Controllers\Programados))
#7 D:\xampp\htdocs\finanzas\system\CodeIgniter.php(351): CodeIgniter\CodeIgniter->handleRequest(NULL, Object(Config\Cache), false)
#8 D:\xampp\htdocs\finanzas\public\index.php(67): CodeIgniter\CodeIgniter->run()
#9 {main}
CRITICAL - 2022-11-30 08:21:04 --> Call to a member function getResult() on bool
in APPPATH\Views\programados\listaprog.php on line 19.
 1 SYSTEMPATH\View\View.php(213): include()
 2 SYSTEMPATH\View\View.php(216): CodeIgniter\View\View->CodeIgniter\View\{closure}()
 3 SYSTEMPATH\Common.php(1134): CodeIgniter\View\View->render('programados/listaprog', [], true)
 4 APPPATH\Controllers\Programados.php(23): view('programados/listaprog', [...])
 5 SYSTEMPATH\CodeIgniter.php(927): App\Controllers\Programados->index()
 6 SYSTEMPATH\CodeIgniter.php(482): CodeIgniter\CodeIgniter->runController(Object(App\Controllers\Programados))
 7 SYSTEMPATH\CodeIgniter.php(351): CodeIgniter\CodeIgniter->handleRequest(null, Object(Config\Cache), false)
 8 FCPATH\index.php(67): CodeIgniter\CodeIgniter->run()
