CRITICAL - 2022-12-16 08:45:25 --> Undefined variable $ejecutados
in APPPATH\Controllers\Balance.php on line 67.
 1 APPPATH\Controllers\Balance.php(67): CodeIgniter\Debug\Exceptions->errorHandler(2, 'Undefined variable $ejecutados', 'APPPATH\\Controllers\\Balance.php', 67)
 2 SYSTEMPATH\CodeIgniter.php(927): App\Controllers\Balance->cargarrubros()
 3 SYSTEMPATH\CodeIgniter.php(482): CodeIgniter\CodeIgniter->runController(Object(App\Controllers\Balance))
 4 SYSTEMPATH\CodeIgniter.php(351): CodeIgniter\CodeIgniter->handleRequest(null, Object(Config\Cache), false)
 5 FCPATH\index.php(67): CodeIgniter\CodeIgniter->run()
CRITICAL - 2022-12-16 11:03:41 --> Undefined property: stdClass::$id
in APPPATH\Views\balance.php on line 131.
 1 APPPATH\Views\balance.php(131): CodeIgniter\Debug\Exceptions->errorHandler(2, 'Undefined property: stdClass::$id', 'APPPATH\\Views\\balance.php', 131)
 2 SYSTEMPATH\View\View.php(213): include('APPPATH\\Views\\balance.php')
 3 SYSTEMPATH\View\View.php(216): CodeIgniter\View\View->CodeIgniter\View\{closure}()
 4 SYSTEMPATH\Common.php(1134): CodeIgniter\View\View->render('balance', [], true)
 5 APPPATH\Controllers\Balance.php(42): view('balance', [...])
 6 SYSTEMPATH\CodeIgniter.php(927): App\Controllers\Balance->index()
 7 SYSTEMPATH\CodeIgniter.php(482): CodeIgniter\CodeIgniter->runController(Object(App\Controllers\Balance))
 8 SYSTEMPATH\CodeIgniter.php(351): CodeIgniter\CodeIgniter->handleRequest(null, Object(Config\Cache), false)
 9 FCPATH\index.php(67): CodeIgniter\CodeIgniter->run()
CRITICAL - 2022-12-16 12:54:46 --> Call to undefined method App\Controllers\Balance::query()
in APPPATH\Controllers\Balance.php on line 126.
 1 SYSTEMPATH\CodeIgniter.php(927): App\Controllers\Balance->cerrarperiodo()
 2 SYSTEMPATH\CodeIgniter.php(482): CodeIgniter\CodeIgniter->runController(Object(App\Controllers\Balance))
 3 SYSTEMPATH\CodeIgniter.php(351): CodeIgniter\CodeIgniter->handleRequest(null, Object(Config\Cache), false)
 4 FCPATH\index.php(67): CodeIgniter\CodeIgniter->run()
CRITICAL - 2022-12-16 12:56:41 --> Call to undefined method App\Controllers\Balance::query()
in APPPATH\Controllers\Balance.php on line 126.
 1 SYSTEMPATH\CodeIgniter.php(927): App\Controllers\Balance->cerrarperiodo()
 2 SYSTEMPATH\CodeIgniter.php(482): CodeIgniter\CodeIgniter->runController(Object(App\Controllers\Balance))
 3 SYSTEMPATH\CodeIgniter.php(351): CodeIgniter\CodeIgniter->handleRequest(null, Object(Config\Cache), false)
 4 FCPATH\index.php(67): CodeIgniter\CodeIgniter->run()
