CRITICAL - 2022-12-08 08:13:52 --> Cannot use object of type stdClass as array
in APPPATH\Views\programados\listaprog.php on line 9.
 1 SYSTEMPATH\View\View.php(213): include()
 2 SYSTEMPATH\View\View.php(216): CodeIgniter\View\View->CodeIgniter\View\{closure}()
 3 SYSTEMPATH\Common.php(1134): CodeIgniter\View\View->render('programados/listaprog', [], true)
 4 APPPATH\Controllers\Programados.php(30): view('programados/listaprog', [...])
 5 SYSTEMPATH\CodeIgniter.php(927): App\Controllers\Programados->index()
 6 SYSTEMPATH\CodeIgniter.php(482): CodeIgniter\CodeIgniter->runController(Object(App\Controllers\Programados))
 7 SYSTEMPATH\CodeIgniter.php(351): CodeIgniter\CodeIgniter->handleRequest(null, Object(Config\Cache), false)
 8 FCPATH\index.php(67): CodeIgniter\CodeIgniter->run()
ERROR - 2022-12-08 08:20:09 --> mysqli_sql_exception: You have an error in your SQL syntax; check the manual that corresponds to your MariaDB server version for the right syntax to use near 'BY c.tipomovimiento DESC, p.fechalimite, c.nombre ASC' at line 1 in D:\xampp\htdocs\finanzas\system\Database\MySQLi\Connection.php:292
Stack trace:
#0 D:\xampp\htdocs\finanzas\system\Database\MySQLi\Connection.php(292): mysqli->query('SELECT r.nombre...', 0)
#1 D:\xampp\htdocs\finanzas\system\Database\BaseConnection.php(666): CodeIgniter\Database\MySQLi\Connection->execute('SELECT r.nombre...')
#2 D:\xampp\htdocs\finanzas\system\Database\BaseConnection.php(593): CodeIgniter\Database\BaseConnection->simpleQuery('SELECT r.nombre...')
#3 D:\xampp\htdocs\finanzas\system\Model.php(768): CodeIgniter\Database\BaseConnection->query('SELECT r.nombre...')
#4 D:\xampp\htdocs\finanzas\app\Controllers\Programados.php(191): CodeIgniter\Model->__call('query', Array)
#5 D:\xampp\htdocs\finanzas\system\CodeIgniter.php(927): App\Controllers\Programados->filtroprogramados()
#6 D:\xampp\htdocs\finanzas\system\CodeIgniter.php(482): CodeIgniter\CodeIgniter->runController(Object(App\Controllers\Programados))
#7 D:\xampp\htdocs\finanzas\system\CodeIgniter.php(351): CodeIgniter\CodeIgniter->handleRequest(NULL, Object(Config\Cache), false)
#8 D:\xampp\htdocs\finanzas\public\index.php(67): CodeIgniter\CodeIgniter->run()
#9 {main}
ERROR - 2022-12-08 08:30:52 --> mysqli_sql_exception: You have an error in your SQL syntax; check the manual that corresponds to your MariaDB server version for the right syntax to use near 'BY c.tipomovimiento DESC, p.fechalimite, c.nombre ASC' at line 1 in D:\xampp\htdocs\finanzas\system\Database\MySQLi\Connection.php:292
Stack trace:
#0 D:\xampp\htdocs\finanzas\system\Database\MySQLi\Connection.php(292): mysqli->query('SELECT r.nombre...', 0)
#1 D:\xampp\htdocs\finanzas\system\Database\BaseConnection.php(666): CodeIgniter\Database\MySQLi\Connection->execute('SELECT r.nombre...')
#2 D:\xampp\htdocs\finanzas\system\Database\BaseConnection.php(593): CodeIgniter\Database\BaseConnection->simpleQuery('SELECT r.nombre...')
#3 D:\xampp\htdocs\finanzas\system\Model.php(768): CodeIgniter\Database\BaseConnection->query('SELECT r.nombre...')
#4 D:\xampp\htdocs\finanzas\app\Controllers\Programados.php(191): CodeIgniter\Model->__call('query', Array)
#5 D:\xampp\htdocs\finanzas\system\CodeIgniter.php(927): App\Controllers\Programados->filtroprogramados()
#6 D:\xampp\htdocs\finanzas\system\CodeIgniter.php(482): CodeIgniter\CodeIgniter->runController(Object(App\Controllers\Programados))
#7 D:\xampp\htdocs\finanzas\system\CodeIgniter.php(351): CodeIgniter\CodeIgniter->handleRequest(NULL, Object(Config\Cache), false)
#8 D:\xampp\htdocs\finanzas\public\index.php(67): CodeIgniter\CodeIgniter->run()
#9 {main}
CRITICAL - 2022-12-08 08:30:52 --> foreach() argument must be of type array|object, bool given
in APPPATH\Controllers\Programados.php on line 194.
 1 APPPATH\Controllers\Programados.php(194): CodeIgniter\Debug\Exceptions->errorHandler(2, 'foreach() argument must be of type array|object, bool given', 'APPPATH\\Controllers\\Programados.php', 194)
 2 SYSTEMPATH\CodeIgniter.php(927): App\Controllers\Programados->filtroprogramados()
 3 SYSTEMPATH\CodeIgniter.php(482): CodeIgniter\CodeIgniter->runController(Object(App\Controllers\Programados))
 4 SYSTEMPATH\CodeIgniter.php(351): CodeIgniter\CodeIgniter->handleRequest(null, Object(Config\Cache), false)
 5 FCPATH\index.php(67): CodeIgniter\CodeIgniter->run()
CRITICAL - 2022-12-08 08:33:04 --> Undefined variable $egresos
in APPPATH\Controllers\Programados.php on line 207.
 1 APPPATH\Controllers\Programados.php(207): CodeIgniter\Debug\Exceptions->errorHandler(2, 'Undefined variable $egresos', 'APPPATH\\Controllers\\Programados.php', 207)
 2 SYSTEMPATH\CodeIgniter.php(927): App\Controllers\Programados->filtroprogramados()
 3 SYSTEMPATH\CodeIgniter.php(482): CodeIgniter\CodeIgniter->runController(Object(App\Controllers\Programados))
 4 SYSTEMPATH\CodeIgniter.php(351): CodeIgniter\CodeIgniter->handleRequest(null, Object(Config\Cache), false)
 5 FCPATH\index.php(67): CodeIgniter\CodeIgniter->run()
CRITICAL - 2022-12-08 08:34:04 --> Undefined variable $egresos
in APPPATH\Controllers\Programados.php on line 210.
 1 APPPATH\Controllers\Programados.php(210): CodeIgniter\Debug\Exceptions->errorHandler(2, 'Undefined variable $egresos', 'APPPATH\\Controllers\\Programados.php', 210)
 2 SYSTEMPATH\CodeIgniter.php(927): App\Controllers\Programados->filtroprogramados()
 3 SYSTEMPATH\CodeIgniter.php(482): CodeIgniter\CodeIgniter->runController(Object(App\Controllers\Programados))
 4 SYSTEMPATH\CodeIgniter.php(351): CodeIgniter\CodeIgniter->handleRequest(null, Object(Config\Cache), false)
 5 FCPATH\index.php(67): CodeIgniter\CodeIgniter->run()
CRITICAL - 2022-12-08 08:34:37 --> Undefined variable $egresos
in APPPATH\Controllers\Programados.php on line 210.
 1 APPPATH\Controllers\Programados.php(210): CodeIgniter\Debug\Exceptions->errorHandler(2, 'Undefined variable $egresos', 'APPPATH\\Controllers\\Programados.php', 210)
 2 SYSTEMPATH\CodeIgniter.php(927): App\Controllers\Programados->filtroprogramados()
 3 SYSTEMPATH\CodeIgniter.php(482): CodeIgniter\CodeIgniter->runController(Object(App\Controllers\Programados))
 4 SYSTEMPATH\CodeIgniter.php(351): CodeIgniter\CodeIgniter->handleRequest(null, Object(Config\Cache), false)
 5 FCPATH\index.php(67): CodeIgniter\CodeIgniter->run()
CRITICAL - 2022-12-08 08:37:07 --> Undefined property: mysqli::$fechalimite
in APPPATH\Controllers\Programados.php on line 204.
 1 APPPATH\Controllers\Programados.php(204): CodeIgniter\Debug\Exceptions->errorHandler(2, 'Undefined property: mysqli::$fechalimite', 'APPPATH\\Controllers\\Programados.php', 204)
 2 SYSTEMPATH\CodeIgniter.php(927): App\Controllers\Programados->filtroprogramados()
 3 SYSTEMPATH\CodeIgniter.php(482): CodeIgniter\CodeIgniter->runController(Object(App\Controllers\Programados))
 4 SYSTEMPATH\CodeIgniter.php(351): CodeIgniter\CodeIgniter->handleRequest(null, Object(Config\Cache), false)
 5 FCPATH\index.php(67): CodeIgniter\CodeIgniter->run()
CRITICAL - 2022-12-08 08:56:21 --> syntax error, unexpected token "if"
in APPPATH\Controllers\Programados.php on line 214.
 1 SYSTEMPATH\Autoloader\Autoloader.php(259): CodeIgniter\Autoloader\Autoloader->includeFile('APPPATH\\Controllers\\Programados.php')
 2 SYSTEMPATH\Autoloader\Autoloader.php(237): CodeIgniter\Autoloader\Autoloader->loadInNamespace('App\\Controllers\\programados')
 3 [internal function]: CodeIgniter\Autoloader\Autoloader->loadClass('App\\Controllers\\programados')
 4 SYSTEMPATH\CodeIgniter.php(877): class_exists('\\App\\Controllers\\programados', true)
 5 SYSTEMPATH\CodeIgniter.php(469): CodeIgniter\CodeIgniter->startController()
 6 SYSTEMPATH\CodeIgniter.php(351): CodeIgniter\CodeIgniter->handleRequest(null, Object(Config\Cache), false)
 7 FCPATH\index.php(67): CodeIgniter\CodeIgniter->run()
ERROR - 2022-12-08 09:17:15 --> mysqli_sql_exception: Column 'idrubro' cannot be null in D:\xampp\htdocs\finanzas\system\Database\MySQLi\Connection.php:292
Stack trace:
#0 D:\xampp\htdocs\finanzas\system\Database\MySQLi\Connection.php(292): mysqli->query('INSERT INTO `pr...', 0)
#1 D:\xampp\htdocs\finanzas\system\Database\BaseConnection.php(666): CodeIgniter\Database\MySQLi\Connection->execute('INSERT INTO `pr...')
#2 D:\xampp\htdocs\finanzas\system\Database\BaseConnection.php(593): CodeIgniter\Database\BaseConnection->simpleQuery('INSERT INTO `pr...')
#3 D:\xampp\htdocs\finanzas\system\Database\BaseBuilder.php(1916): CodeIgniter\Database\BaseConnection->query('INSERT INTO `pr...', Array, false)
#4 D:\xampp\htdocs\finanzas\system\Model.php(279): CodeIgniter\Database\BaseBuilder->insert()
#5 D:\xampp\htdocs\finanzas\system\BaseModel.php(749): CodeIgniter\Model->doInsert(Array)
#6 D:\xampp\htdocs\finanzas\system\Model.php(667): CodeIgniter\BaseModel->insert(Array, true)
#7 D:\xampp\htdocs\finanzas\app\Controllers\Programados.php(69): CodeIgniter\Model->insert(Array)
#8 D:\xampp\htdocs\finanzas\system\CodeIgniter.php(927): App\Controllers\Programados->guardar()
#9 D:\xampp\htdocs\finanzas\system\CodeIgniter.php(482): CodeIgniter\CodeIgniter->runController(Object(App\Controllers\Programados))
#10 D:\xampp\htdocs\finanzas\system\CodeIgniter.php(351): CodeIgniter\CodeIgniter->handleRequest(NULL, Object(Config\Cache), false)
#11 D:\xampp\htdocs\finanzas\public\index.php(67): CodeIgniter\CodeIgniter->run()
#12 {main}
CRITICAL - 2022-12-08 12:09:06 --> Invalid file: ejecutados/editaprog.php
in SYSTEMPATH\Exceptions\FrameworkException.php on line 33.
 1 SYSTEMPATH\View\View.php(201): CodeIgniter\Exceptions\FrameworkException::forInvalidFile('ejecutados/editaprog.php')
 2 SYSTEMPATH\Common.php(1134): CodeIgniter\View\View->render('ejecutados/editaprog', [], true)
 3 APPPATH\Controllers\Ejecutados.php(123): view('ejecutados/editaprog', [...])
 4 SYSTEMPATH\CodeIgniter.php(927): App\Controllers\ejecutados->editar('18')
 5 SYSTEMPATH\CodeIgniter.php(482): CodeIgniter\CodeIgniter->runController(Object(App\Controllers\ejecutados))
 6 SYSTEMPATH\CodeIgniter.php(351): CodeIgniter\CodeIgniter->handleRequest(null, Object(Config\Cache), false)
 7 FCPATH\index.php(67): CodeIgniter\CodeIgniter->run()
